<?xml version="1.0" encoding="UTF-8"?>
<coverage generated="1604396281527" clover="3.2.0">
  <project timestamp="1604396281527" name="All files">
    <metrics statements="78" coveredstatements="32" conditionals="12" coveredconditionals="2" methods="46" coveredmethods="15" elements="136" coveredelements="49" complexity="0" loc="78" ncloc="78" packages="3" files="11" classes="11"/>
    <package name="src">
      <metrics statements="1" coveredstatements="1" conditionals="0" coveredconditionals="0" methods="1" coveredmethods="1"/>
      <file name="math.js" path="/Users/crimsondarkn/Coding Projects/redux-starter/src/math.js">
        <metrics statements="1" coveredstatements="1" conditionals="0" coveredconditionals="0" methods="1" coveredmethods="1"/>
        <line num="1" count="2" type="stmt"/>
      </file>
    </package>
    <package name="src.middleware">
      <metrics statements="20" coveredstatements="8" conditionals="10" coveredconditionals="2" methods="10" coveredmethods="10"/>
      <file name="api.js" path="/Users/crimsondarkn/Coding Projects/redux-starter/src/middleware/api.js">
        <metrics statements="12" coveredstatements="2" conditionals="8" coveredconditionals="1" methods="3" coveredmethods="3"/>
        <line num="4" count="2" type="stmt"/>
        <line num="5" count="1" type="cond" truecount="1" falsecount="1"/>
        <line num="7" count="0" type="stmt"/>
        <line num="9" count="0" type="cond" truecount="0" falsecount="2"/>
        <line num="10" count="0" type="stmt"/>
        <line num="12" count="0" type="stmt"/>
        <line num="14" count="0" type="stmt"/>
        <line num="15" count="0" type="stmt"/>
        <line num="22" count="0" type="stmt"/>
        <line num="24" count="0" type="cond" truecount="0" falsecount="2"/>
        <line num="28" count="0" type="stmt"/>
        <line num="30" count="0" type="cond" truecount="0" falsecount="2"/>
      </file>
      <file name="logger.js" path="/Users/crimsondarkn/Coding Projects/redux-starter/src/middleware/logger.js">
        <metrics statements="4" coveredstatements="3" conditionals="0" coveredconditionals="0" methods="4" coveredmethods="4"/>
        <line num="2" count="2" type="stmt"/>
        <line num="4" count="1" type="stmt"/>
        <line num="8" count="1" type="stmt"/>
        <line num="9" count="0" type="stmt"/>
      </file>
      <file name="toast.js" path="/Users/crimsondarkn/Coding Projects/redux-starter/src/middleware/toast.js">
        <metrics statements="4" coveredstatements="3" conditionals="2" coveredconditionals="1" methods="3" coveredmethods="3"/>
        <line num="1" count="2" type="stmt"/>
        <line num="3" count="1" type="cond" truecount="1" falsecount="1"/>
        <line num="4" count="0" type="stmt"/>
        <line num="7" count="1" type="stmt"/>
      </file>
    </package>
    <package name="src.store">
      <metrics statements="57" coveredstatements="23" conditionals="2" coveredconditionals="0" methods="35" coveredmethods="4"/>
      <file name="api.js" path="/Users/crimsondarkn/Coding Projects/redux-starter/src/store/api.js">
        <metrics statements="3" coveredstatements="3" conditionals="0" coveredconditionals="0" methods="0" coveredmethods="0"/>
        <line num="3" count="1" type="stmt"/>
        <line num="4" count="1" type="stmt"/>
        <line num="5" count="1" type="stmt"/>
      </file>
      <file name="bugs.js" path="/Users/crimsondarkn/Coding Projects/redux-starter/src/store/bugs.js">
        <metrics statements="41" coveredstatements="13" conditionals="2" coveredconditionals="0" methods="28" coveredmethods="3"/>
        <line num="9" count="1" type="stmt"/>
        <line num="18" count="0" type="stmt"/>
        <line num="21" count="0" type="stmt"/>
        <line num="24" count="0" type="stmt"/>
        <line num="25" count="0" type="stmt"/>
        <line num="26" count="0" type="stmt"/>
        <line num="29" count="1" type="stmt"/>
        <line num="32" count="0" type="stmt"/>
        <line num="33" count="0" type="stmt"/>
        <line num="34" count="0" type="stmt"/>
        <line num="38" count="0" type="stmt"/>
        <line num="39" count="0" type="stmt"/>
        <line num="40" count="0" type="stmt"/>
        <line num="43" count="0" type="stmt"/>
        <line num="44" count="0" type="stmt"/>
        <line num="45" count="0" type="stmt"/>
        <line num="48" count="0" type="stmt"/>
        <line num="49" count="0" type="stmt"/>
        <line num="50" count="0" type="stmt"/>
        <line num="64" count="1" type="stmt"/>
        <line num="69" count="1" type="stmt"/>
        <line num="72" count="1" type="stmt"/>
        <line num="73" count="0" type="stmt"/>
        <line num="75" count="0" type="stmt"/>
        <line num="77" count="0" type="cond" truecount="0" falsecount="2"/>
        <line num="79" count="0" type="stmt"/>
        <line num="81" count="0" type="stmt"/>
        <line num="89" count="2" type="stmt"/>
        <line num="90" count="2" type="stmt"/>
        <line num="96" count="1" type="stmt"/>
        <line num="106" count="1" type="stmt"/>
        <line num="113" count="1" type="stmt"/>
        <line num="121" count="1" type="stmt"/>
        <line num="122" count="0" type="stmt"/>
        <line num="126" count="1" type="stmt"/>
        <line num="127" count="0" type="stmt"/>
        <line num="128" count="0" type="stmt"/>
        <line num="129" count="0" type="stmt"/>
        <line num="138" count="1" type="stmt"/>
        <line num="139" count="0" type="stmt"/>
        <line num="140" count="0" type="stmt"/>
      </file>
      <file name="configureStore.js" path="/Users/crimsondarkn/Coding Projects/redux-starter/src/store/configureStore.js">
        <metrics statements="1" coveredstatements="1" conditionals="0" coveredconditionals="0" methods="1" coveredmethods="1"/>
        <line num="9" count="2" type="stmt"/>
      </file>
      <file name="entities.js" path="/Users/crimsondarkn/Coding Projects/redux-starter/src/store/entities.js">
        <metrics statements="0" coveredstatements="0" conditionals="0" coveredconditionals="0" methods="0" coveredmethods="0"/>
      </file>
      <file name="projects.js" path="/Users/crimsondarkn/Coding Projects/redux-starter/src/store/projects.js">
        <metrics statements="6" coveredstatements="3" conditionals="0" coveredconditionals="0" methods="3" coveredmethods="0"/>
        <line num="5" count="1" type="stmt"/>
        <line num="7" count="1" type="stmt"/>
        <line num="12" count="0" type="stmt"/>
        <line num="18" count="0" type="stmt"/>
        <line num="19" count="0" type="stmt"/>
        <line num="23" count="1" type="stmt"/>
      </file>
      <file name="reducer.js" path="/Users/crimsondarkn/Coding Projects/redux-starter/src/store/reducer.js">
        <metrics statements="0" coveredstatements="0" conditionals="0" coveredconditionals="0" methods="0" coveredmethods="0"/>
      </file>
      <file name="users.js" path="/Users/crimsondarkn/Coding Projects/redux-starter/src/store/users.js">
        <metrics statements="6" coveredstatements="3" conditionals="0" coveredconditionals="0" methods="3" coveredmethods="0"/>
        <line num="6" count="1" type="stmt"/>
        <line num="8" count="1" type="stmt"/>
        <line num="13" count="0" type="stmt"/>
        <line num="19" count="0" type="stmt"/>
        <line num="20" count="0" type="stmt"/>
        <line num="24" count="1" type="stmt"/>
      </file>
    </package>
  </project>
</coverage>
