{"/Users/crimsondarkn/Coding Projects/redux-starter/src/math.js": {"path":"/Users/crimsondarkn/Coding Projects/redux-starter/src/math.js","statementMap":{"0":{"start":{"line":1,"column":22},"end":{"line":1,"column":47}},"1":{"start":{"line":1,"column":32},"end":{"line":1,"column":47}}},"fnMap":{"0":{"name":"(anonymous_0)","decl":{"start":{"line":1,"column":22},"end":{"line":1,"column":23}},"loc":{"start":{"line":1,"column":32},"end":{"line":1,"column":47}},"line":1}},"branchMap":{},"s":{"0":1,"1":2},"f":{"0":2},"b":{},"_coverageSchema":"1a1c01bbd47fc00a2c39e90264f33305004495a9","hash":"3574cc53be32ee6bf82bab23d0d69de5ed752570"}
,"/Users/crimsondarkn/Coding Projects/redux-starter/src/middleware/api.js": {"path":"/Users/crimsondarkn/Coding Projects/redux-starter/src/middleware/api.js","statementMap":{"0":{"start":{"line":4,"column":12},"end":{"line":34,"column":1}},"1":{"start":{"line":4,"column":30},"end":{"line":34,"column":1}},"2":{"start":{"line":4,"column":38},"end":{"line":34,"column":1}},"3":{"start":{"line":5,"column":4},"end":{"line":5,"column":71}},"4":{"start":{"line":5,"column":51},"end":{"line":5,"column":71}},"5":{"start":{"line":7,"column":63},"end":{"line":7,"column":77}},"6":{"start":{"line":9,"column":4},"end":{"line":10,"column":36}},"7":{"start":{"line":10,"column":8},"end":{"line":10,"column":36}},"8":{"start":{"line":12,"column":4},"end":{"line":12,"column":17}},"9":{"start":{"line":14,"column":4},"end":{"line":32,"column":5}},"10":{"start":{"line":15,"column":25},"end":{"line":20,"column":10}},"11":{"start":{"line":22,"column":8},"end":{"line":22,"column":56}},"12":{"start":{"line":24,"column":8},"end":{"line":24,"column":78}},"13":{"start":{"line":24,"column":23},"end":{"line":24,"column":78}},"14":{"start":{"line":28,"column":8},"end":{"line":28,"column":55}},"15":{"start":{"line":30,"column":8},"end":{"line":30,"column":73}},"16":{"start":{"line":30,"column":21},"end":{"line":30,"column":73}}},"fnMap":{"0":{"name":"(anonymous_0)","decl":{"start":{"line":4,"column":12},"end":{"line":4,"column":13}},"loc":{"start":{"line":4,"column":30},"end":{"line":34,"column":1}},"line":4},"1":{"name":"(anonymous_1)","decl":{"start":{"line":4,"column":30},"end":{"line":4,"column":31}},"loc":{"start":{"line":4,"column":38},"end":{"line":34,"column":1}},"line":4},"2":{"name":"(anonymous_2)","decl":{"start":{"line":4,"column":38},"end":{"line":4,"column":39}},"loc":{"start":{"line":4,"column":54},"end":{"line":34,"column":1}},"line":4}},"branchMap":{"0":{"loc":{"start":{"line":5,"column":4},"end":{"line":5,"column":71}},"type":"if","locations":[{"start":{"line":5,"column":4},"end":{"line":5,"column":71}},{"start":{"line":5,"column":4},"end":{"line":5,"column":71}}],"line":5},"1":{"loc":{"start":{"line":9,"column":4},"end":{"line":10,"column":36}},"type":"if","locations":[{"start":{"line":9,"column":4},"end":{"line":10,"column":36}},{"start":{"line":9,"column":4},"end":{"line":10,"column":36}}],"line":9},"2":{"loc":{"start":{"line":24,"column":8},"end":{"line":24,"column":78}},"type":"if","locations":[{"start":{"line":24,"column":8},"end":{"line":24,"column":78}},{"start":{"line":24,"column":8},"end":{"line":24,"column":78}}],"line":24},"3":{"loc":{"start":{"line":30,"column":8},"end":{"line":30,"column":73}},"type":"if","locations":[{"start":{"line":30,"column":8},"end":{"line":30,"column":73}},{"start":{"line":30,"column":8},"end":{"line":30,"column":73}}],"line":30}},"s":{"0":1,"1":2,"2":2,"3":1,"4":1,"5":0,"6":0,"7":0,"8":0,"9":0,"10":0,"11":0,"12":0,"13":0,"14":0,"15":0,"16":0},"f":{"0":2,"1":2,"2":1},"b":{"0":[1,0],"1":[0,0],"2":[0,0],"3":[0,0]},"_coverageSchema":"1a1c01bbd47fc00a2c39e90264f33305004495a9","hash":"e4976fec55c1a4af8b0c02bc08821c7404ba92d4"}
,"/Users/crimsondarkn/Coding Projects/redux-starter/src/middleware/logger.js": {"path":"/Users/crimsondarkn/Coding Projects/redux-starter/src/middleware/logger.js","statementMap":{"0":{"start":{"line":2,"column":15},"end":{"line":10,"column":1}},"1":{"start":{"line":2,"column":25},"end":{"line":10,"column":1}},"2":{"start":{"line":2,"column":34},"end":{"line":10,"column":1}},"3":{"start":{"line":2,"column":42},"end":{"line":10,"column":1}},"4":{"start":{"line":4,"column":4},"end":{"line":4,"column":35}},"5":{"start":{"line":8,"column":4},"end":{"line":8,"column":24}},"6":{"start":{"line":9,"column":4},"end":{"line":9,"column":10}}},"fnMap":{"0":{"name":"(anonymous_0)","decl":{"start":{"line":2,"column":15},"end":{"line":2,"column":16}},"loc":{"start":{"line":2,"column":25},"end":{"line":10,"column":1}},"line":2},"1":{"name":"(anonymous_1)","decl":{"start":{"line":2,"column":25},"end":{"line":2,"column":26}},"loc":{"start":{"line":2,"column":34},"end":{"line":10,"column":1}},"line":2},"2":{"name":"(anonymous_2)","decl":{"start":{"line":2,"column":34},"end":{"line":2,"column":35}},"loc":{"start":{"line":2,"column":42},"end":{"line":10,"column":1}},"line":2},"3":{"name":"(anonymous_3)","decl":{"start":{"line":2,"column":42},"end":{"line":2,"column":43}},"loc":{"start":{"line":2,"column":52},"end":{"line":10,"column":1}},"line":2}},"branchMap":{},"s":{"0":1,"1":2,"2":2,"3":2,"4":1,"5":1,"6":0},"f":{"0":2,"1":2,"2":2,"3":1},"b":{},"_coverageSchema":"1a1c01bbd47fc00a2c39e90264f33305004495a9","hash":"b4d54689a7412a1438a599fd01ed718ee14d8a3a"}
,"/Users/crimsondarkn/Coding Projects/redux-starter/src/middleware/toast.js": {"path":"/Users/crimsondarkn/Coding Projects/redux-starter/src/middleware/toast.js","statementMap":{"0":{"start":{"line":1,"column":14},"end":{"line":8,"column":1}},"1":{"start":{"line":1,"column":23},"end":{"line":8,"column":1}},"2":{"start":{"line":1,"column":31},"end":{"line":8,"column":1}},"3":{"start":{"line":3,"column":4},"end":{"line":7,"column":28}},"4":{"start":{"line":4,"column":8},"end":{"line":4,"column":57}},"5":{"start":{"line":7,"column":8},"end":{"line":7,"column":28}}},"fnMap":{"0":{"name":"(anonymous_0)","decl":{"start":{"line":1,"column":14},"end":{"line":1,"column":15}},"loc":{"start":{"line":1,"column":23},"end":{"line":8,"column":1}},"line":1},"1":{"name":"(anonymous_1)","decl":{"start":{"line":1,"column":23},"end":{"line":1,"column":24}},"loc":{"start":{"line":1,"column":31},"end":{"line":8,"column":1}},"line":1},"2":{"name":"(anonymous_2)","decl":{"start":{"line":1,"column":31},"end":{"line":1,"column":32}},"loc":{"start":{"line":1,"column":41},"end":{"line":8,"column":1}},"line":1}},"branchMap":{"0":{"loc":{"start":{"line":3,"column":4},"end":{"line":7,"column":28}},"type":"if","locations":[{"start":{"line":3,"column":4},"end":{"line":7,"column":28}},{"start":{"line":3,"column":4},"end":{"line":7,"column":28}}],"line":3}},"s":{"0":1,"1":2,"2":2,"3":1,"4":0,"5":1},"f":{"0":2,"1":2,"2":1},"b":{"0":[0,1]},"_coverageSchema":"1a1c01bbd47fc00a2c39e90264f33305004495a9","hash":"3d2f53564bc7c49751ac08a5731d0308cb29d8d8"}
,"/Users/crimsondarkn/Coding Projects/redux-starter/src/store/api.js": {"path":"/Users/crimsondarkn/Coding Projects/redux-starter/src/store/api.js","statementMap":{"0":{"start":{"line":3,"column":28},"end":{"line":3,"column":57}},"1":{"start":{"line":4,"column":30},"end":{"line":4,"column":61}},"2":{"start":{"line":5,"column":29},"end":{"line":5,"column":59}}},"fnMap":{},"branchMap":{},"s":{"0":1,"1":1,"2":1},"f":{},"b":{},"_coverageSchema":"1a1c01bbd47fc00a2c39e90264f33305004495a9","hash":"ca6296c33c127a6329ee9924be8b36d5910ff1e7"}
,"/Users/crimsondarkn/Coding Projects/redux-starter/src/store/bugs.js": {"path":"/Users/crimsondarkn/Coding Projects/redux-starter/src/store/bugs.js","statementMap":{"0":{"start":{"line":9,"column":14},"end":{"line":53,"column":2}},"1":{"start":{"line":18,"column":12},"end":{"line":18,"column":32}},"2":{"start":{"line":21,"column":12},"end":{"line":21,"column":33}},"3":{"start":{"line":24,"column":12},"end":{"line":24,"column":39}},"4":{"start":{"line":25,"column":12},"end":{"line":25,"column":33}},"5":{"start":{"line":26,"column":12},"end":{"line":26,"column":40}},"6":{"start":{"line":29,"column":12},"end":{"line":29,"column":42}},"7":{"start":{"line":32,"column":27},"end":{"line":32,"column":41}},"8":{"start":{"line":33,"column":26},"end":{"line":33,"column":66}},"9":{"start":{"line":33,"column":53},"end":{"line":33,"column":65}},"10":{"start":{"line":34,"column":12},"end":{"line":34,"column":45}},"11":{"start":{"line":38,"column":27},"end":{"line":38,"column":41}},"12":{"start":{"line":39,"column":26},"end":{"line":39,"column":66}},"13":{"start":{"line":39,"column":53},"end":{"line":39,"column":65}},"14":{"start":{"line":40,"column":12},"end":{"line":40,"column":46}},"15":{"start":{"line":43,"column":27},"end":{"line":43,"column":41}},"16":{"start":{"line":44,"column":26},"end":{"line":44,"column":61}},"17":{"start":{"line":44,"column":48},"end":{"line":44,"column":60}},"18":{"start":{"line":45,"column":12},"end":{"line":45,"column":34}},"19":{"start":{"line":48,"column":42},"end":{"line":48,"column":56}},"20":{"start":{"line":49,"column":26},"end":{"line":49,"column":69}},"21":{"start":{"line":49,"column":53},"end":{"line":49,"column":68}},"22":{"start":{"line":50,"column":12},"end":{"line":50,"column":45}},"23":{"start":{"line":64,"column":8},"end":{"line":64,"column":21}},"24":{"start":{"line":69,"column":12},"end":{"line":69,"column":19}},"25":{"start":{"line":72,"column":24},"end":{"line":87,"column":1}},"26":{"start":{"line":72,"column":31},"end":{"line":87,"column":1}},"27":{"start":{"line":73,"column":26},"end":{"line":73,"column":50}},"28":{"start":{"line":75,"column":26},"end":{"line":75,"column":69}},"29":{"start":{"line":77,"column":4},"end":{"line":77,"column":36}},"30":{"start":{"line":77,"column":29},"end":{"line":77,"column":36}},"31":{"start":{"line":79,"column":4},"end":{"line":79,"column":27}},"32":{"start":{"line":81,"column":4},"end":{"line":86,"column":7}},"33":{"start":{"line":89,"column":22},"end":{"line":97,"column":1}},"34":{"start":{"line":89,"column":29},"end":{"line":97,"column":1}},"35":{"start":{"line":90,"column":21},"end":{"line":95,"column":6}},"36":{"start":{"line":96,"column":4},"end":{"line":96,"column":38}},"37":{"start":{"line":106,"column":26},"end":{"line":111,"column":2}},"38":{"start":{"line":106,"column":32},"end":{"line":111,"column":2}},"39":{"start":{"line":113,"column":31},"end":{"line":118,"column":2}},"40":{"start":{"line":113,"column":50},"end":{"line":118,"column":2}},"41":{"start":{"line":121,"column":33},"end":{"line":122,"column":52}},"42":{"start":{"line":122,"column":4},"end":{"line":122,"column":52}},"43":{"start":{"line":122,"column":38},"end":{"line":122,"column":51}},"44":{"start":{"line":126,"column":37},"end":{"line":130,"column":1}},"45":{"start":{"line":127,"column":13},"end":{"line":127,"column":32}},"46":{"start":{"line":128,"column":13},"end":{"line":128,"column":36}},"47":{"start":{"line":129,"column":24},"end":{"line":129,"column":58}},"48":{"start":{"line":129,"column":44},"end":{"line":129,"column":57}},"49":{"start":{"line":138,"column":33},"end":{"line":142,"column":1}},"50":{"start":{"line":138,"column":46},"end":{"line":141,"column":5}},"51":{"start":{"line":139,"column":13},"end":{"line":139,"column":32}},"52":{"start":{"line":140,"column":12},"end":{"line":140,"column":54}},"53":{"start":{"line":140,"column":32},"end":{"line":140,"column":53}}},"fnMap":{"0":{"name":"(anonymous_0)","decl":{"start":{"line":17,"column":23},"end":{"line":17,"column":24}},"loc":{"start":{"line":17,"column":41},"end":{"line":19,"column":9}},"line":17},"1":{"name":"(anonymous_1)","decl":{"start":{"line":20,"column":27},"end":{"line":20,"column":28}},"loc":{"start":{"line":20,"column":45},"end":{"line":22,"column":9}},"line":20},"2":{"name":"(anonymous_2)","decl":{"start":{"line":23,"column":22},"end":{"line":23,"column":23}},"loc":{"start":{"line":23,"column":40},"end":{"line":27,"column":9}},"line":23},"3":{"name":"(anonymous_3)","decl":{"start":{"line":28,"column":18},"end":{"line":28,"column":19}},"loc":{"start":{"line":28,"column":36},"end":{"line":30,"column":9}},"line":28},"4":{"name":"(anonymous_4)","decl":{"start":{"line":31,"column":21},"end":{"line":31,"column":22}},"loc":{"start":{"line":31,"column":39},"end":{"line":36,"column":9}},"line":31},"5":{"name":"(anonymous_5)","decl":{"start":{"line":33,"column":46},"end":{"line":33,"column":47}},"loc":{"start":{"line":33,"column":53},"end":{"line":33,"column":65}},"line":33},"6":{"name":"(anonymous_6)","decl":{"start":{"line":37,"column":27},"end":{"line":37,"column":28}},"loc":{"start":{"line":37,"column":45},"end":{"line":41,"column":9}},"line":37},"7":{"name":"(anonymous_7)","decl":{"start":{"line":39,"column":46},"end":{"line":39,"column":47}},"loc":{"start":{"line":39,"column":53},"end":{"line":39,"column":65}},"line":39},"8":{"name":"(anonymous_8)","decl":{"start":{"line":42,"column":20},"end":{"line":42,"column":21}},"loc":{"start":{"line":42,"column":38},"end":{"line":46,"column":9}},"line":42},"9":{"name":"(anonymous_9)","decl":{"start":{"line":44,"column":41},"end":{"line":44,"column":42}},"loc":{"start":{"line":44,"column":48},"end":{"line":44,"column":60}},"line":44},"10":{"name":"(anonymous_10)","decl":{"start":{"line":47,"column":25},"end":{"line":47,"column":26}},"loc":{"start":{"line":47,"column":43},"end":{"line":51,"column":9}},"line":47},"11":{"name":"(anonymous_11)","decl":{"start":{"line":49,"column":46},"end":{"line":49,"column":47}},"loc":{"start":{"line":49,"column":53},"end":{"line":49,"column":68}},"line":49},"12":{"name":"(anonymous_12)","decl":{"start":{"line":72,"column":24},"end":{"line":72,"column":25}},"loc":{"start":{"line":72,"column":31},"end":{"line":87,"column":1}},"line":72},"13":{"name":"(anonymous_13)","decl":{"start":{"line":72,"column":31},"end":{"line":72,"column":32}},"loc":{"start":{"line":72,"column":56},"end":{"line":87,"column":1}},"line":72},"14":{"name":"(anonymous_14)","decl":{"start":{"line":89,"column":22},"end":{"line":89,"column":23}},"loc":{"start":{"line":89,"column":29},"end":{"line":97,"column":1}},"line":89},"15":{"name":"(anonymous_15)","decl":{"start":{"line":89,"column":29},"end":{"line":89,"column":30}},"loc":{"start":{"line":89,"column":47},"end":{"line":97,"column":1}},"line":89},"16":{"name":"(anonymous_16)","decl":{"start":{"line":106,"column":26},"end":{"line":106,"column":27}},"loc":{"start":{"line":106,"column":32},"end":{"line":111,"column":2}},"line":106},"17":{"name":"(anonymous_17)","decl":{"start":{"line":113,"column":31},"end":{"line":113,"column":32}},"loc":{"start":{"line":113,"column":50},"end":{"line":118,"column":2}},"line":113},"18":{"name":"(anonymous_18)","decl":{"start":{"line":121,"column":33},"end":{"line":121,"column":34}},"loc":{"start":{"line":122,"column":4},"end":{"line":122,"column":52}},"line":122},"19":{"name":"(anonymous_19)","decl":{"start":{"line":122,"column":31},"end":{"line":122,"column":32}},"loc":{"start":{"line":122,"column":38},"end":{"line":122,"column":51}},"line":122},"20":{"name":"(anonymous_20)","decl":{"start":{"line":127,"column":4},"end":{"line":127,"column":5}},"loc":{"start":{"line":127,"column":13},"end":{"line":127,"column":32}},"line":127},"21":{"name":"(anonymous_21)","decl":{"start":{"line":128,"column":4},"end":{"line":128,"column":5}},"loc":{"start":{"line":128,"column":13},"end":{"line":128,"column":36}},"line":128},"22":{"name":"(anonymous_22)","decl":{"start":{"line":129,"column":4},"end":{"line":129,"column":5}},"loc":{"start":{"line":129,"column":24},"end":{"line":129,"column":58}},"line":129},"23":{"name":"(anonymous_23)","decl":{"start":{"line":129,"column":37},"end":{"line":129,"column":38}},"loc":{"start":{"line":129,"column":44},"end":{"line":129,"column":57}},"line":129},"24":{"name":"(anonymous_24)","decl":{"start":{"line":138,"column":33},"end":{"line":138,"column":34}},"loc":{"start":{"line":138,"column":46},"end":{"line":141,"column":5}},"line":138},"25":{"name":"(anonymous_25)","decl":{"start":{"line":139,"column":4},"end":{"line":139,"column":5}},"loc":{"start":{"line":139,"column":13},"end":{"line":139,"column":32}},"line":139},"26":{"name":"(anonymous_26)","decl":{"start":{"line":140,"column":4},"end":{"line":140,"column":5}},"loc":{"start":{"line":140,"column":12},"end":{"line":140,"column":54}},"line":140},"27":{"name":"(anonymous_27)","decl":{"start":{"line":140,"column":25},"end":{"line":140,"column":26}},"loc":{"start":{"line":140,"column":32},"end":{"line":140,"column":53}},"line":140}},"branchMap":{"0":{"loc":{"start":{"line":77,"column":4},"end":{"line":77,"column":36}},"type":"if","locations":[{"start":{"line":77,"column":4},"end":{"line":77,"column":36}},{"start":{"line":77,"column":4},"end":{"line":77,"column":36}}],"line":77}},"s":{"0":1,"1":0,"2":0,"3":0,"4":0,"5":0,"6":1,"7":0,"8":0,"9":0,"10":0,"11":0,"12":0,"13":0,"14":0,"15":0,"16":0,"17":0,"18":0,"19":0,"20":0,"21":0,"22":0,"23":1,"24":1,"25":1,"26":0,"27":0,"28":0,"29":0,"30":0,"31":0,"32":0,"33":1,"34":2,"35":2,"36":1,"37":1,"38":0,"39":1,"40":0,"41":1,"42":0,"43":0,"44":1,"45":0,"46":0,"47":0,"48":0,"49":1,"50":0,"51":0,"52":0,"53":0},"f":{"0":0,"1":0,"2":0,"3":1,"4":0,"5":0,"6":0,"7":0,"8":0,"9":0,"10":0,"11":0,"12":0,"13":0,"14":2,"15":2,"16":0,"17":0,"18":0,"19":0,"20":0,"21":0,"22":0,"23":0,"24":0,"25":0,"26":0,"27":0},"b":{"0":[0,0]},"_coverageSchema":"1a1c01bbd47fc00a2c39e90264f33305004495a9","hash":"cf33d942df23a34d8b5e1edce990b606c9bf5cee"}
,"/Users/crimsondarkn/Coding Projects/redux-starter/src/store/configureStore.js": {"path":"/Users/crimsondarkn/Coding Projects/redux-starter/src/store/configureStore.js","statementMap":{"0":{"start":{"line":9,"column":4},"end":{"line":15,"column":49}}},"fnMap":{"0":{"name":"(anonymous_0)","decl":{"start":{"line":8,"column":15},"end":{"line":8,"column":16}},"loc":{"start":{"line":8,"column":27},"end":{"line":16,"column":1}},"line":8}},"branchMap":{},"s":{"0":2},"f":{"0":2},"b":{},"_coverageSchema":"1a1c01bbd47fc00a2c39e90264f33305004495a9","hash":"bfe0a83b2e40e7c5778da91ae28af168271ae5c3"}
,"/Users/crimsondarkn/Coding Projects/redux-starter/src/store/entities.js": {"path":"/Users/crimsondarkn/Coding Projects/redux-starter/src/store/entities.js","statementMap":{},"fnMap":{},"branchMap":{},"s":{},"f":{},"b":{},"_coverageSchema":"1a1c01bbd47fc00a2c39e90264f33305004495a9","hash":"cc57e1c71714e4e9165420721051e9650f56dca5"}
,"/Users/crimsondarkn/Coding Projects/redux-starter/src/store/projects.js": {"path":"/Users/crimsondarkn/Coding Projects/redux-starter/src/store/projects.js","statementMap":{"0":{"start":{"line":5,"column":13},"end":{"line":5,"column":14}},"1":{"start":{"line":7,"column":14},"end":{"line":22,"column":2}},"2":{"start":{"line":12,"column":12},"end":{"line":15,"column":15}},"3":{"start":{"line":18,"column":26},"end":{"line":18,"column":88}},"4":{"start":{"line":18,"column":56},"end":{"line":18,"column":87}},"5":{"start":{"line":19,"column":12},"end":{"line":19,"column":38}},"6":{"start":{"line":23,"column":46},"end":{"line":23,"column":59}}},"fnMap":{"0":{"name":"(anonymous_0)","decl":{"start":{"line":11,"column":22},"end":{"line":11,"column":23}},"loc":{"start":{"line":11,"column":44},"end":{"line":16,"column":9}},"line":11},"1":{"name":"(anonymous_1)","decl":{"start":{"line":17,"column":24},"end":{"line":17,"column":25}},"loc":{"start":{"line":17,"column":46},"end":{"line":20,"column":9}},"line":17},"2":{"name":"(anonymous_2)","decl":{"start":{"line":18,"column":45},"end":{"line":18,"column":46}},"loc":{"start":{"line":18,"column":56},"end":{"line":18,"column":87}},"line":18}},"branchMap":{},"s":{"0":1,"1":1,"2":0,"3":0,"4":0,"5":0,"6":1},"f":{"0":0,"1":0,"2":0},"b":{},"_coverageSchema":"1a1c01bbd47fc00a2c39e90264f33305004495a9","hash":"08fac880da072a1a6cd000030a22bb84f256228f"}
,"/Users/crimsondarkn/Coding Projects/redux-starter/src/store/reducer.js": {"path":"/Users/crimsondarkn/Coding Projects/redux-starter/src/store/reducer.js","statementMap":{},"fnMap":{},"branchMap":{},"s":{},"f":{},"b":{},"_coverageSchema":"1a1c01bbd47fc00a2c39e90264f33305004495a9","hash":"4a4eed27e23dbdaa887084a266ec0629a7158b02"}
,"/Users/crimsondarkn/Coding Projects/redux-starter/src/store/users.js": {"path":"/Users/crimsondarkn/Coding Projects/redux-starter/src/store/users.js","statementMap":{"0":{"start":{"line":6,"column":13},"end":{"line":6,"column":14}},"1":{"start":{"line":8,"column":14},"end":{"line":23,"column":2}},"2":{"start":{"line":13,"column":12},"end":{"line":16,"column":15}},"3":{"start":{"line":19,"column":26},"end":{"line":19,"column":79}},"4":{"start":{"line":19,"column":50},"end":{"line":19,"column":78}},"5":{"start":{"line":20,"column":12},"end":{"line":20,"column":35}},"6":{"start":{"line":24,"column":40},"end":{"line":24,"column":53}}},"fnMap":{"0":{"name":"(anonymous_0)","decl":{"start":{"line":12,"column":19},"end":{"line":12,"column":20}},"loc":{"start":{"line":12,"column":38},"end":{"line":17,"column":9}},"line":12},"1":{"name":"(anonymous_1)","decl":{"start":{"line":18,"column":21},"end":{"line":18,"column":22}},"loc":{"start":{"line":18,"column":40},"end":{"line":21,"column":9}},"line":18},"2":{"name":"(anonymous_2)","decl":{"start":{"line":19,"column":42},"end":{"line":19,"column":43}},"loc":{"start":{"line":19,"column":50},"end":{"line":19,"column":78}},"line":19}},"branchMap":{},"s":{"0":1,"1":1,"2":0,"3":0,"4":0,"5":0,"6":1},"f":{"0":0,"1":0,"2":0},"b":{},"_coverageSchema":"1a1c01bbd47fc00a2c39e90264f33305004495a9","hash":"38de4ea347ecdeb78fce9e22416d5c05d71adfc3"}
}
